d:\projects\github\termproject\server\x64\debug\vc143.pdb
d:\projects\github\termproject\server\x64\debug\vc143.idb
d:\projects\github\termproject\server\x64\debug\main.obj
d:\projects\github\termproject\server\x64\debug\serverpackethandler.obj
d:\projects\github\termproject\server\x64\debug\roommanager.obj
d:\projects\github\termproject\server\x64\debug\room.obj
d:\projects\github\termproject\server\x64\debug\packetqueue.obj
d:\projects\github\termproject\server\x64\debug\jobtimer.obj
d:\projects\github\termproject\server\x64\debug\jobqueue.obj
d:\projects\github\termproject\server\x64\debug\clientsession.obj
d:\projects\github\termproject\server\x64\debug\server.pch
d:\projects\github\termproject\server\x64\debug\pch.obj
d:\projects\github\termproject\server\x64\debug\job.obj
d:\projects\github\termproject\server\x64\debug\db.obj
d:\projects\github\termproject\binary\debug\server\server.exe
d:\projects\github\termproject\server\x64\debug\server.ilk
d:\projects\github\termproject\binary\debug\server\server.pdb
d:\projects\github\termproject\server\x64\debug\server.tlog\cl.command.1.tlog
d:\projects\github\termproject\server\x64\debug\server.tlog\cl.items.tlog
d:\projects\github\termproject\server\x64\debug\server.tlog\cl.read.1.tlog
d:\projects\github\termproject\server\x64\debug\server.tlog\cl.write.1.tlog
d:\projects\github\termproject\server\x64\debug\server.tlog\link.command.1.tlog
d:\projects\github\termproject\server\x64\debug\server.tlog\link.read.1.tlog
d:\projects\github\termproject\server\x64\debug\server.tlog\link.secondary.1.tlog
d:\projects\github\termproject\server\x64\debug\server.tlog\link.write.1.tlog
