  ClientPacketHandler.cpp
  PacketQueue.cpp
D:\Projects\Github\TermProject\tetris-win32-master\PacketQueue.h(23,2): warning C4091: 'typedef ': 변수를 선언하지 않으면 'PacketData' 왼쪽은 무시됩니다.
  (소스 파일 '../tetris-win32-master/PacketQueue.cpp'을(를) 컴파일하는 중)
  
D:\Projects\Github\TermProject\tetris-win32-master\PacketQueue.cpp(13,22): warning C4267: '인수': 'size_t'에서 'const _Ty'(으)로 변환하면서 데이터가 손실될 수 있습니다.
D:\Projects\Github\TermProject\tetris-win32-master\PacketQueue.cpp(13,22): warning C4267:         with
D:\Projects\Github\TermProject\tetris-win32-master\PacketQueue.cpp(13,22): warning C4267:         [
D:\Projects\Github\TermProject\tetris-win32-master\PacketQueue.cpp(13,22): warning C4267:             _Ty=int
D:\Projects\Github\TermProject\tetris-win32-master\PacketQueue.cpp(13,22): warning C4267:         ]
D:\Projects\Github\TermProject\tetris-win32-master\PacketQueue.cpp(74,11): warning C4267: '초기화 중': 'size_t'에서 'int'(으)로 변환하면서 데이터가 손실될 수 있습니다.
  ServerSession.cpp
D:\Projects\Github\TermProject\tetris-win32-master\PacketQueue.h(23,2): warning C4091: 'typedef ': 변수를 선언하지 않으면 'PacketData' 왼쪽은 무시됩니다.
  (소스 파일 '../tetris-win32-master/ServerSession.cpp'을(를) 컴파일하는 중)
  
  main.cpp
D:\Projects\Github\TermProject\tetris-win32-master\PacketQueue.h(23,2): warning C4091: 'typedef ': 변수를 선언하지 않으면 'PacketData' 왼쪽은 무시됩니다.
  (소스 파일 '../tetris-win32-master/main.cpp'을(를) 컴파일하는 중)
  
D:\Projects\Github\TermProject\tetris-win32-master\main.cpp(46,28): warning C4244: '인수': 'WPARAM'에서 'int'(으)로 변환하면서 데이터가 손실될 수 있습니다.
D:\Projects\Github\TermProject\tetris-win32-master\main.cpp(82,11): warning C4101: 'word' :참조되지 않은 지역 변수입니다.
D:\Projects\Github\TermProject\tetris-win32-master\main.cpp(218,15): warning C4244: 'return': 'WPARAM'에서 'int'(으)로 변환하면서 데이터가 손실될 수 있습니다.
D:\Projects\Github\TermProject\ServerCore\SessionManager.h(57,11): warning C4267: '초기화 중': 'size_t'에서 'int'(으)로 변환하면서 데이터가 손실될 수 있습니다.
  (소스 파일 '../tetris-win32-master/main.cpp'을(를) 컴파일하는 중)
  D:\Projects\Github\TermProject\ServerCore\SessionManager.h(57,11):
  템플릿 인스턴스화 컨텍스트(가장 오래된 인스턴스화 컨텍스트)가
  	D:\Projects\Github\TermProject\tetris-win32-master\main.cpp(227,47):
  	컴파일되는 클래스 템플릿 인스턴스화 'SessionManager<ServerSession>'에 대한 참조를 확인하세요.
  	D:\Projects\Github\TermProject\ServerCore\SessionManager.h(56,7):
  	클래스 템플릿 멤버 함수 'void SessionManager<ServerSession>::AddSession(int)'을(를) 컴파일하는 중입니다.
  		D:\Projects\Github\TermProject\ServerCore\SessionManager.h(28,13):
  		'SessionManager<ServerSession>::Init'에서 'SessionManager<ServerSession>::AddSession'에 대한 첫 번째 참조를 확인하세요.
  		D:\Projects\Github\TermProject\tetris-win32-master\main.cpp(227,54):
  		'WinMain'에서 'SessionManager<ServerSession>::Init'에 대한 첫 번째 참조를 확인하세요.
  
  코드를 생성하고 있습니다...
  tetris-win32.vcxproj -> D:\Projects\Github\TermProject\Debug\Tetris\Tetris.exe
