  pch.cpp
  ClientSession.cpp
D:\personal\projects\Github\TermProject\Server\PacketQueue.h(6,1): warning C4005: 'PACKETDATA_POOL_SIZE': 매크로 재정의
  (소스 파일 '/ClientSession.cpp'을(를) 컴파일하는 중)
  D:\personal\projects\Github\TermProject\ServerCore\Defines.h(45,1):
  'PACKETDATA_POOL_SIZE'의 이전 정의를 참조하십시오.
  
  DBManager.cpp
D:\personal\projects\Github\TermProject\Server\DBManager.cpp(65,17): warning C4101: 'sNumResults' :참조되지 않은 지역 변수입니다.
  (소스 파일 '/DBManager.cpp'을(를) 컴파일하는 중)
  
  Job.cpp
  JobQueue.cpp
  JobTimer.cpp
D:\personal\projects\Github\TermProject\Server\JobTimer.h(10,2): warning C4091: 'typedef ': 변수를 선언하지 않으면 'myGreater' 왼쪽은 무시됩니다.
  (소스 파일 '/JobTimer.cpp'을(를) 컴파일하는 중)
  
D:\personal\projects\Github\TermProject\Server\JobTimer.cpp(43,31): warning C4244: '=': '_Ty1'에서 'int'(으)로 변환하면서 데이터가 손실될 수 있습니다.
D:\personal\projects\Github\TermProject\Server\JobTimer.cpp(43,31): warning C4244:         with
D:\personal\projects\Github\TermProject\Server\JobTimer.cpp(43,31): warning C4244:         [
D:\personal\projects\Github\TermProject\Server\JobTimer.cpp(43,31): warning C4244:             _Ty1=ULONGLONG
D:\personal\projects\Github\TermProject\Server\JobTimer.cpp(43,31): warning C4244:         ]
  (소스 파일 '/JobTimer.cpp'을(를) 컴파일하는 중)
  
C:\Program Files\Microsoft Visual Studio\2022\Community\VC\Tools\MSVC\14.39.33519\include\utility(271,16): warning C4244: '초기화 중': 'const _Ty1'에서 '_Ty1'(으)로 변환하면서 데이터가 손실될 수 있습니다.
C:\Program Files\Microsoft Visual Studio\2022\Community\VC\Tools\MSVC\14.39.33519\include\utility(271,16): warning C4244:         with
C:\Program Files\Microsoft Visual Studio\2022\Community\VC\Tools\MSVC\14.39.33519\include\utility(271,16): warning C4244:         [
C:\Program Files\Microsoft Visual Studio\2022\Community\VC\Tools\MSVC\14.39.33519\include\utility(271,16): warning C4244:             _Ty1=ULONGLONG
C:\Program Files\Microsoft Visual Studio\2022\Community\VC\Tools\MSVC\14.39.33519\include\utility(271,16): warning C4244:         ]
C:\Program Files\Microsoft Visual Studio\2022\Community\VC\Tools\MSVC\14.39.33519\include\utility(271,16): warning C4244:         and
C:\Program Files\Microsoft Visual Studio\2022\Community\VC\Tools\MSVC\14.39.33519\include\utility(271,16): warning C4244:         [
C:\Program Files\Microsoft Visual Studio\2022\Community\VC\Tools\MSVC\14.39.33519\include\utility(271,16): warning C4244:             _Ty1=int
C:\Program Files\Microsoft Visual Studio\2022\Community\VC\Tools\MSVC\14.39.33519\include\utility(271,16): warning C4244:         ]
  (소스 파일 '/JobTimer.cpp'을(를) 컴파일하는 중)
  C:\Program Files\Microsoft Visual Studio\2022\Community\VC\Tools\MSVC\14.39.33519\include\utility(271,16):
  템플릿 인스턴스화 컨텍스트(가장 오래된 인스턴스화 컨텍스트)가
  	D:\personal\projects\Github\TermProject\Server\JobTimer.cpp(13,28):
  	컴파일되는 함수 템플릿 인스턴스화 'std::pair<int,Job *>::pair<ULONGLONG,Job*,0>(const std::pair<ULONGLONG,Job *> &) noexcept'에 대한 참조를 확인하세요.
  		D:\personal\projects\Github\TermProject\Server\JobTimer.cpp(13,28):
  		'JobTimer::~JobTimer'에서 'std::pair<int,Job *>::pair'에 대한 첫 번째 참조를 확인하세요.
  
  main.cpp
D:\personal\projects\Github\TermProject\Server\PacketQueue.h(6,1): warning C4005: 'PACKETDATA_POOL_SIZE': 매크로 재정의
  (소스 파일 '/main.cpp'을(를) 컴파일하는 중)
  D:\personal\projects\Github\TermProject\ServerCore\Defines.h(45,1):
  'PACKETDATA_POOL_SIZE'의 이전 정의를 참조하십시오.
  
D:\personal\projects\Github\TermProject\Server\JobTimer.h(10,2): warning C4091: 'typedef ': 변수를 선언하지 않으면 'myGreater' 왼쪽은 무시됩니다.
  (소스 파일 '/main.cpp'을(를) 컴파일하는 중)
  
D:\personal\projects\Github\TermProject\ServerCore\SessionManager.h(71,14): warning C4267: '초기화 중': 'size_t'에서 'UINT32'(으)로 변환하면서 데이터가 손실될 수 있습니다.
  (소스 파일 '/main.cpp'을(를) 컴파일하는 중)
  D:\personal\projects\Github\TermProject\ServerCore\SessionManager.h(71,14):
  템플릿 인스턴스화 컨텍스트(가장 오래된 인스턴스화 컨텍스트)가
  	D:\personal\projects\Github\TermProject\Server\main.cpp(13,33):
  	컴파일되는 클래스 템플릿 인스턴스화 'SessionManager<ClientSession>'에 대한 참조를 확인하세요.
  	D:\personal\projects\Github\TermProject\ServerCore\SessionManager.h(70,7):
  	클래스 템플릿 멤버 함수 'void SessionManager<ClientSession>::AddSession(int)'을(를) 컴파일하는 중입니다.
  		D:\personal\projects\Github\TermProject\ServerCore\SessionManager.h(28,13):
  		'SessionManager<ClientSession>::Init'에서 'SessionManager<ClientSession>::AddSession'에 대한 첫 번째 참조를 확인하세요.
  		D:\personal\projects\Github\TermProject\Server\main.cpp(13,51):
  		'main'에서 'SessionManager<ClientSession>::Init'에 대한 첫 번째 참조를 확인하세요.
  
  PacketQueue.cpp
D:\personal\projects\Github\TermProject\Server\PacketQueue.h(6,1): warning C4005: 'PACKETDATA_POOL_SIZE': 매크로 재정의
  (소스 파일 '/PacketQueue.cpp'을(를) 컴파일하는 중)
  D:\personal\projects\Github\TermProject\ServerCore\Defines.h(45,1):
  'PACKETDATA_POOL_SIZE'의 이전 정의를 참조하십시오.
  
D:\personal\projects\Github\TermProject\Server\PacketQueue.cpp(13,22): warning C4267: '인수': 'size_t'에서 'const _Ty'(으)로 변환하면서 데이터가 손실될 수 있습니다.
D:\personal\projects\Github\TermProject\Server\PacketQueue.cpp(13,22): warning C4267:         with
D:\personal\projects\Github\TermProject\Server\PacketQueue.cpp(13,22): warning C4267:         [
D:\personal\projects\Github\TermProject\Server\PacketQueue.cpp(13,22): warning C4267:             _Ty=int
D:\personal\projects\Github\TermProject\Server\PacketQueue.cpp(13,22): warning C4267:         ]
  (소스 파일 '/PacketQueue.cpp'을(를) 컴파일하는 중)
  
D:\personal\projects\Github\TermProject\Server\PacketQueue.cpp(94,11): warning C4267: '초기화 중': 'size_t'에서 'int'(으)로 변환하면서 데이터가 손실될 수 있습니다.
  (소스 파일 '/PacketQueue.cpp'을(를) 컴파일하는 중)
  
  Room.cpp
  RoomManager.cpp
  ServerPacketHandler.cpp
LINK : warning C4742: 'class JobQueue `static class JobQueue & __ptr64 __cdecl JobQueue::GetInstance(void)'::`2'::instance'의 맞춤이 'd:\personal\projects\github\termproject\server\main.cpp'과(와) 'd:\personal\projects\github\termproject\server\jobtimer.cpp'에서 서로 다릅니다(1 - 8).
LINK : warning C4744: 'class JobQueue `static class JobQueue & __ptr64 __cdecl JobQueue::GetInstance(void)'::`2'::instance'의 형식이 'd:\personal\projects\github\termproject\server\main.cpp'과(와) 'd:\personal\projects\github\termproject\server\jobtimer.cpp'에서 서로 다릅니다('__declspec(align(1)) struct (233 bytes)', 'struct (240 bytes)').
LINK : warning C4743: 'class JobQueue `static class JobQueue & __ptr64 __cdecl JobQueue::GetInstance(void)'::`2'::instance'의 크기가 'd:\personal\projects\github\termproject\server\main.cpp'과(와) 'd:\personal\projects\github\termproject\server\jobtimer.cpp'에서 서로 다릅니다(233바이트, 240바이트).
ServerCore.lib(Session.obj) : warning LNK4075: '/EDITANDCONTINUE'이(가) '/OPT:ICF' 사양으로 인해 무시됩니다.
  코드를 생성하고 있습니다.
  Previous IPDB was built with incompatible compiler, fall back to full compilation.
  All 1154 functions were compiled because no usable IPDB/IOBJ from previous compilation was found.
  코드를 생성했습니다.
  Server.vcxproj -> D:\personal\projects\Github\TermProject\Binary\Release\Server\Server.exe
