  pch.cpp
  ClientPacketHandler.cpp
  main.cpp
D:\Projects\Github\TermProject\DummyClient\PacketQueue.h(13,2): warning C4091: 'typedef ': 변수를 선언하지 않으면 'PacketData' 왼쪽은 무시됩니다.
  (소스 파일 '/main.cpp'을(를) 컴파일하는 중)
  
D:\Projects\Github\TermProject\DummyClient\main.cpp(84,12): warning C4244: '인수': 'time_t'에서 'unsigned int'(으)로 변환하면서 데이터가 손실될 수 있습니다.
  (소스 파일 '/main.cpp'을(를) 컴파일하는 중)
  
D:\Projects\Github\TermProject\DummyClient\main.cpp(95,8): warning C4101: 'recvAdrSz' :참조되지 않은 지역 변수입니다.
  (소스 파일 '/main.cpp'을(를) 컴파일하는 중)
  
D:\Projects\Github\TermProject\DummyClient\main.cpp(148,8): warning C4101: 'sentBytes' :참조되지 않은 지역 변수입니다.
  (소스 파일 '/main.cpp'을(를) 컴파일하는 중)
  
D:\Projects\Github\TermProject\DummyClient\main.cpp(166,8): warning C4101: 'recvBytes' :참조되지 않은 지역 변수입니다.
  (소스 파일 '/main.cpp'을(를) 컴파일하는 중)
  
  PacketQueue.cpp
D:\Projects\Github\TermProject\DummyClient\PacketQueue.h(13,2): warning C4091: 'typedef ': 변수를 선언하지 않으면 'PacketData' 왼쪽은 무시됩니다.
  (소스 파일 '/PacketQueue.cpp'을(를) 컴파일하는 중)
  
D:\Projects\Github\TermProject\DummyClient\PacketQueue.cpp(72,11): warning C4267: '초기화 중': 'size_t'에서 'int'(으)로 변환하면서 데이터가 손실될 수 있습니다.
  (소스 파일 '/PacketQueue.cpp'을(를) 컴파일하는 중)
  
  ServerSession.cpp
D:\Projects\Github\TermProject\DummyClient\PacketQueue.h(13,2): warning C4091: 'typedef ': 변수를 선언하지 않으면 'PacketData' 왼쪽은 무시됩니다.
  (소스 파일 '/ServerSession.cpp'을(를) 컴파일하는 중)
  
  코드를 생성하고 있습니다.
  Previous IPDB not found, fall back to full compilation.
  All 213 functions were compiled because no usable IPDB/IOBJ from previous compilation was found.
  코드를 생성했습니다.
  DummyClient.vcxproj -> D:\Projects\Github\TermProject\Binary\Release\DummyClient\DummyClient.exe
