d:\personal\projects\github\termproject\servercore\x64\debug\servercore.pch
d:\personal\projects\github\termproject\libraries\debug\servercore.pdb
d:\personal\projects\github\termproject\libraries\debug\servercore.idb
d:\personal\projects\github\termproject\servercore\x64\debug\pch.obj
d:\personal\projects\github\termproject\servercore\x64\debug\sessionmanager.obj
d:\personal\projects\github\termproject\servercore\x64\debug\session.obj
d:\personal\projects\github\termproject\servercore\x64\debug\ovlpcallback.obj
d:\personal\projects\github\termproject\servercore\x64\debug\corepch.obj
d:\projects\github\termproject\servercore\x64\debug\servercore.pch
d:\projects\github\termproject\libraries\debug\servercore.pdb
d:\projects\github\termproject\libraries\debug\servercore.idb
d:\projects\github\termproject\servercore\x64\debug\pch.obj
d:\projects\github\termproject\servercore\x64\debug\sessionmanager.obj
d:\projects\github\termproject\servercore\x64\debug\session.obj
d:\projects\github\termproject\servercore\x64\debug\ovlpcallback.obj
d:\projects\github\termproject\servercore\x64\debug\corepch.obj
d:\personal\projects\github\termproject\libraries\debug\servercore.lib
d:\projects\github\termproject\servercore\x64\debug\servercore.tlog\cl.command.1.tlog
d:\projects\github\termproject\servercore\x64\debug\servercore.tlog\cl.items.tlog
d:\projects\github\termproject\servercore\x64\debug\servercore.tlog\cl.read.1.tlog
d:\projects\github\termproject\servercore\x64\debug\servercore.tlog\cl.write.1.tlog
d:\projects\github\termproject\servercore\x64\debug\servercore.tlog\lib-link.read.1.tlog
d:\projects\github\termproject\servercore\x64\debug\servercore.tlog\lib-link.write.1.tlog
d:\projects\github\termproject\servercore\x64\debug\servercore.tlog\lib.command.1.tlog
